<?xml version="1.0" encoding="UTF-8"?>
<!-- Generated by org.testng.reporters.JUnitReportReporter -->
<testsuite skipped="0" hostname="Bingo" name="testcases.XCoverQuote" tests="1" failures="0" timestamp="2021-05-11T18:07:34 AEST" time="60.915" errors="0">
  <testcase name="Login" time="60.915" classname="testcases.XCoverQuote"/>
</testsuite> <!-- testcases.XCoverQuote -->
