<?xml version="1.0" encoding="UTF-8"?>
<!-- Generated by org.testng.reporters.JUnitReportReporter -->
<testsuite skipped="0" hostname="Bingo" name="testcases.RediffLoginPF" tests="1" failures="0" timestamp="21 Feb 2019 18:52:57 GMT" time="22.362" errors="0">
  <testcase name="Login" time="22.362" classname="testcases.RediffLoginPF"/>
</testsuite> <!-- testcases.RediffLoginPF -->
